<?xml version="1.0"?>
<!DOCTYPE coverage SYSTEM "http://cobertura.sourceforge.net/xml/coverage-04.dtd">

<coverage line-rate="1.0" branch-rate="1.0" lines-covered="0" lines-valid="0" branches-covered="0" branches-valid="0" complexity="1.0" version="2.0.3" timestamp="1413269978909">
	<sources>
		<source>--source</source>
		<source>C:/workspace/SE-Project/health-service-master/health-service-client/src/main/java</source>
	</sources>
	<packages>
		<package name="za.co.dreamteam.health.client" line-rate="1.0" branch-rate="1.0" complexity="1.0">
			<classes>
				<class name="za.co.dreamteam.health.client.MaternalRegistry" filename="za/co/dreamteam/health/client/MaternalRegistry.java" line-rate="1.0" branch-rate="1.0" complexity="1.0">
					<methods>
					</methods>
					<lines>
					</lines>
				</class>
			</classes>
		</package>
	</packages>
</coverage>
