<?xml version="1.0"?>
<!DOCTYPE coverage SYSTEM "http://cobertura.sourceforge.net/xml/coverage-04.dtd">

<coverage line-rate="0.0" branch-rate="1.0" lines-covered="0" lines-valid="5" branches-covered="0" branches-valid="0" complexity="2.0" version="2.0.3" timestamp="1413269983839">
	<sources>
		<source>C:/workspace/SE-Project/health-service-master/health-service/src/main/java</source>
		<source>--source</source>
	</sources>
	<packages>
		<package name="za.co.dreamteam.health.patient" line-rate="0.0" branch-rate="1.0" complexity="2.0">
			<classes>
				<class name="za.co.dreamteam.health.patient.MaternalRegistryService" filename="za/co/dreamteam/health/patient/MaternalRegistryService.java" line-rate="0.0" branch-rate="1.0" complexity="2.0">
					<methods>
						<method name="&lt;init&gt;" signature="()V" line-rate="0.0" branch-rate="1.0">
							<lines>
								<line number="18" hits="0" branch="false"/>
							</lines>
						</method>
						<method name="addPatient" signature="(Lza/co/dreamteam/health/model/Patient;)Z" line-rate="0.0" branch-rate="1.0">
							<lines>
								<line number="22" hits="0" branch="false"/>
							</lines>
						</method>
						<method name="bookPatientAppointment" signature="(Lza/co/dreamteam/health/model/Patient;)Z" line-rate="0.0" branch-rate="1.0">
							<lines>
								<line number="32" hits="0" branch="false"/>
							</lines>
						</method>
						<method name="retrivePatientDetails" signature="(Ljava/lang/String;)Lza/co/dreamteam/health/model/Patient;" line-rate="0.0" branch-rate="1.0">
							<lines>
								<line number="37" hits="0" branch="false"/>
							</lines>
						</method>
						<method name="updatePatient" signature="(Lza/co/dreamteam/health/model/Patient;)Z" line-rate="0.0" branch-rate="1.0">
							<lines>
								<line number="27" hits="0" branch="false"/>
							</lines>
						</method>
					</methods>
					<lines>
						<line number="18" hits="0" branch="false"/>
						<line number="22" hits="0" branch="false"/>
						<line number="27" hits="0" branch="false"/>
						<line number="32" hits="0" branch="false"/>
						<line number="37" hits="0" branch="false"/>
					</lines>
				</class>
			</classes>
		</package>
	</packages>
</coverage>
